1727169161524	geckodriver	INFO	Listening on 127.0.0.1:45471
1727169161565	mozrunner::runner	INFO	Running command: MOZ_CRASHREPORTER="1" MOZ_CRASHREPORTER_NO_REPORT="1" MOZ_CRASHREPORTER_SHUTDOWN="1" MOZ_NO_REMOTE="1" "/usr ... ss" "--remote-debugging-port" "45571" "--remote-allow-hosts" "localhost" "-no-remote" "-profile" "/tmp/rust_mozprofilelAUOEZ"
*** You are running in headless mode.
console.warn: services.settings: Ignoring preference override of remote settings server
console.warn: services.settings: Allow by setting MOZ_REMOTE_SETTINGS_DEVTOOLS=1 in the environment
[GFX1-]: glxtest: libpci missing
[GFX1-]: glxtest: Unable to open a connection to the X server
[GFX1-]: No GPUs detected via PCI

1727169161801	Marionette	INFO	Marionette enabled
1727169161867	Marionette	INFO	Listening on port 40045
WebDriver BiDi listening on ws://127.0.0.1:45571
Read port: 40045
1727169162068	RemoteAgent	WARN	TLS certificate errors will be ignored for this session
[GFX1-]: RenderCompositorSWGL failed mapping default framebuffer, no dt
console.error: ({})
DevTools listening on ws://127.0.0.1:45571/devtools/browser/822575ce-93aa-4839-965b-ce3fed257f71
console.warn: LoginRecipes: "Falling back to a synchronous message for: https://www.selenium.dev."
console.warn: LoginRecipes: "Falling back to a synchronous message for: https://www.selenium.dev."
console.error: "update.locale" " file doesn't exist in either the application or GRE directories"
1727169191805	addons.xpi	ERROR	System addon update list error SyntaxError: The URI is malformed.
